app/build/intermediates/manifest_merge_blame_file/debug/manifest-merger-blame-debug-report.txt
1<?xml version="1.0" encoding="utf-8"?>
2<manifest xmlns:android="http://schemas.android.com/apk/res/android"
3    package="com.example.fa_ksiegowy"
4    android:versionCode="1"
5    android:versionName="1.0" >
6
7    <uses-sdk
8        android:minSdkVersion="26"
9        android:targetSdkVersion="34" />
10
11    <uses-permission android:name="android.permission.INTERNET" />
11-->src/main/AndroidManifest.xml:4:5-67
11-->src/main/AndroidManifest.xml:4:22-64
12    <uses-permission
12-->src/main/AndroidManifest.xml:5:5-108
13        android:name="android.permission.WRITE_EXTERNAL_STORAGE"
13-->src/main/AndroidManifest.xml:5:22-78
14        android:maxSdkVersion="28" />
14-->src/main/AndroidManifest.xml:5:79-105
15    <uses-permission android:name="android.permission.ACCESS_NETWORK_STATE" />
15-->[com.google.android.gms:play-services-ads-lite:23.6.0] AndroidManifest.xml:25:5-79
15-->[com.google.android.gms:play-services-ads-lite:23.6.0] AndroidManifest.xml:25:22-76
16    <uses-permission android:name="com.google.android.gms.permission.AD_ID" />
16-->[com.google.android.gms:play-services-ads-lite:23.6.0] AndroidManifest.xml:26:5-79
16-->[com.google.android.gms:play-services-ads-lite:23.6.0] AndroidManifest.xml:26:22-76
17    <uses-permission android:name="android.permission.ACCESS_ADSERVICES_AD_ID" />
17-->[com.google.android.gms:play-services-ads-lite:23.6.0] AndroidManifest.xml:27:5-82
17-->[com.google.android.gms:play-services-ads-lite:23.6.0] AndroidManifest.xml:27:22-79
18    <uses-permission android:name="android.permission.ACCESS_ADSERVICES_ATTRIBUTION" />
18-->[com.google.android.gms:play-services-ads-lite:23.6.0] AndroidManifest.xml:28:5-88
18-->[com.google.android.gms:play-services-ads-lite:23.6.0] AndroidManifest.xml:28:22-85
19    <uses-permission android:name="android.permission.ACCESS_ADSERVICES_TOPICS" /> <!-- Android package visibility setting -->
19-->[com.google.android.gms:play-services-ads-lite:23.6.0] AndroidManifest.xml:29:5-83
19-->[com.google.android.gms:play-services-ads-lite:23.6.0] AndroidManifest.xml:29:22-80
20    <queries>
20-->[com.google.android.gms:play-services-ads-lite:23.6.0] AndroidManifest.xml:35:5-68:15
21
22        <!-- For browser content -->
23        <intent>
23-->[com.google.android.gms:play-services-ads-lite:23.6.0] AndroidManifest.xml:38:9-44:18
24            <action android:name="android.intent.action.VIEW" />
24-->[com.google.android.gms:play-services-ads-lite:23.6.0] AndroidManifest.xml:39:13-65
24-->[com.google.android.gms:play-services-ads-lite:23.6.0] AndroidManifest.xml:39:21-62
25
26            <category android:name="android.intent.category.BROWSABLE" />
26-->[com.google.android.gms:play-services-ads-lite:23.6.0] AndroidManifest.xml:41:13-74
26-->[com.google.android.gms:play-services-ads-lite:23.6.0] AndroidManifest.xml:41:23-71
27
28            <data android:scheme="https" />
28-->[com.google.android.gms:play-services-ads-lite:23.6.0] AndroidManifest.xml:43:13-44
28-->[com.google.android.gms:play-services-ads-lite:23.6.0] AndroidManifest.xml:43:19-41
29        </intent>
30        <!-- End of browser content -->
31        <!-- For CustomTabsService -->
32        <intent>
32-->[com.google.android.gms:play-services-ads-lite:23.6.0] AndroidManifest.xml:47:9-49:18
33            <action android:name="android.support.customtabs.action.CustomTabsService" />
33-->[com.google.android.gms:play-services-ads-lite:23.6.0] AndroidManifest.xml:48:13-90
33-->[com.google.android.gms:play-services-ads-lite:23.6.0] AndroidManifest.xml:48:21-87
34        </intent>
35        <!-- End of CustomTabsService -->
36        <!-- For MRAID capabilities -->
37        <intent>
37-->[com.google.android.gms:play-services-ads-lite:23.6.0] AndroidManifest.xml:52:9-56:18
38            <action android:name="android.intent.action.INSERT" />
38-->[com.google.android.gms:play-services-ads-lite:23.6.0] AndroidManifest.xml:53:13-67
38-->[com.google.android.gms:play-services-ads-lite:23.6.0] AndroidManifest.xml:53:21-64
39
40            <data android:mimeType="vnd.android.cursor.dir/event" />
40-->[com.google.android.gms:play-services-ads-lite:23.6.0] AndroidManifest.xml:43:13-44
41        </intent>
42        <intent>
42-->[com.google.android.gms:play-services-ads-lite:23.6.0] AndroidManifest.xml:57:9-61:18
43            <action android:name="android.intent.action.VIEW" />
43-->[com.google.android.gms:play-services-ads-lite:23.6.0] AndroidManifest.xml:39:13-65
43-->[com.google.android.gms:play-services-ads-lite:23.6.0] AndroidManifest.xml:39:21-62
44
45            <data android:scheme="sms" />
45-->[com.google.android.gms:play-services-ads-lite:23.6.0] AndroidManifest.xml:43:13-44
45-->[com.google.android.gms:play-services-ads-lite:23.6.0] AndroidManifest.xml:43:19-41
46        </intent>
47        <intent>
47-->[com.google.android.gms:play-services-ads-lite:23.6.0] AndroidManifest.xml:62:9-66:18
48            <action android:name="android.intent.action.DIAL" />
48-->[com.google.android.gms:play-services-ads-lite:23.6.0] AndroidManifest.xml:63:13-65
48-->[com.google.android.gms:play-services-ads-lite:23.6.0] AndroidManifest.xml:63:21-62
49
50            <data android:path="tel:" />
50-->[com.google.android.gms:play-services-ads-lite:23.6.0] AndroidManifest.xml:43:13-44
51        </intent>
52        <!-- End of MRAID capabilities -->
53        <intent>
53-->[com.android.billingclient:billing:7.1.1] AndroidManifest.xml:13:9-15:18
54            <action android:name="com.android.vending.billing.InAppBillingService.BIND" />
54-->[com.android.billingclient:billing:7.1.1] AndroidManifest.xml:14:13-91
54-->[com.android.billingclient:billing:7.1.1] AndroidManifest.xml:14:21-88
55        </intent>
56        <intent>
56-->[com.android.billingclient:billing:7.1.1] AndroidManifest.xml:16:9-18:18
57            <action android:name="com.google.android.apps.play.billingtestcompanion.BillingOverrideService.BIND" />
57-->[com.android.billingclient:billing:7.1.1] AndroidManifest.xml:17:13-116
57-->[com.android.billingclient:billing:7.1.1] AndroidManifest.xml:17:21-113
58        </intent>
59    </queries>
60
61    <uses-permission android:name="com.android.vending.BILLING" />
61-->[com.android.billingclient:billing-ktx:7.1.1] AndroidManifest.xml:9:5-67
61-->[com.android.billingclient:billing-ktx:7.1.1] AndroidManifest.xml:9:22-64
62    <uses-permission android:name="android.permission.WAKE_LOCK" />
62-->[com.google.android.gms:play-services-measurement-sdk-api:20.1.2] AndroidManifest.xml:25:5-68
62-->[com.google.android.gms:play-services-measurement-sdk-api:20.1.2] AndroidManifest.xml:25:22-65
63    <uses-permission android:name="android.permission.FOREGROUND_SERVICE" />
63-->[androidx.work:work-runtime:2.7.0] AndroidManifest.xml:28:5-77
63-->[androidx.work:work-runtime:2.7.0] AndroidManifest.xml:28:22-74
64
65    <permission
65-->[androidx.core:core:1.10.1] AndroidManifest.xml:22:5-24:47
66        android:name="com.example.fa_ksiegowy.DYNAMIC_RECEIVER_NOT_EXPORTED_PERMISSION"
66-->[androidx.core:core:1.10.1] AndroidManifest.xml:23:9-81
67        android:protectionLevel="signature" />
67-->[androidx.core:core:1.10.1] AndroidManifest.xml:24:9-44
68
69    <uses-permission android:name="com.example.fa_ksiegowy.DYNAMIC_RECEIVER_NOT_EXPORTED_PERMISSION" />
69-->[androidx.core:core:1.10.1] AndroidManifest.xml:26:5-97
69-->[androidx.core:core:1.10.1] AndroidManifest.xml:26:22-94
70
71    <application
71-->src/main/AndroidManifest.xml:7:5-43:19
72        android:name="com.example.fa_ksiegowy.FaApp"
72-->src/main/AndroidManifest.xml:8:9-30
73        android:allowBackup="true"
73-->src/main/AndroidManifest.xml:9:9-35
74        android:appComponentFactory="androidx.core.app.CoreComponentFactory"
74-->[androidx.core:core:1.10.1] AndroidManifest.xml:28:18-86
75        android:debuggable="true"
76        android:extractNativeLibs="false"
77        android:icon="@mipmap/ic_launcher"
77-->src/main/AndroidManifest.xml:11:9-43
78        android:label="@string/app_name"
78-->src/main/AndroidManifest.xml:10:9-41
79        android:roundIcon="@mipmap/ic_launcher_round"
79-->src/main/AndroidManifest.xml:12:9-54
80        android:theme="@style/Theme.FA" >
80-->src/main/AndroidManifest.xml:13:9-40
81
82        <!-- ЗАМЕНИТЬ на реальный AdMob App ID из консоли AdMob (Apps -> Ваше приложение -> App settings) -->
83        <meta-data
83-->src/main/AndroidManifest.xml:16:9-18:70
84            android:name="com.google.android.gms.ads.APPLICATION_ID"
84-->src/main/AndroidManifest.xml:17:13-69
85            android:value="ca-app-pub-9218963926031039~6835956339" />
85-->src/main/AndroidManifest.xml:18:13-67
86
87        <activity
87-->src/main/AndroidManifest.xml:20:9-79
88            android:name="com.example.fa_ksiegowy.SettingsActivity"
88-->src/main/AndroidManifest.xml:20:19-51
89            android:exported="false" />
89-->src/main/AndroidManifest.xml:20:52-76
90        <activity
90-->src/main/AndroidManifest.xml:21:9-82
91            android:name="com.example.fa_ksiegowy.SettingsProActivity"
91-->src/main/AndroidManifest.xml:21:19-54
92            android:exported="false" />
92-->src/main/AndroidManifest.xml:21:55-79
93        <activity
93-->src/main/AndroidManifest.xml:22:9-85
94            android:name="com.example.fa_ksiegowy.SettingsBackupActivity"
94-->src/main/AndroidManifest.xml:22:19-57
95            android:exported="false" />
95-->src/main/AndroidManifest.xml:22:58-82
96        <activity
96-->src/main/AndroidManifest.xml:23:9-87
97            android:name="com.example.fa_ksiegowy.SettingsLanguageActivity"
97-->src/main/AndroidManifest.xml:23:19-59
98            android:exported="false" />
98-->src/main/AndroidManifest.xml:23:60-84
99        <activity
99-->src/main/AndroidManifest.xml:24:9-82
100            android:name="com.example.fa_ksiegowy.SettingsTaxActivity"
100-->src/main/AndroidManifest.xml:24:19-54
101            android:exported="false" />
101-->src/main/AndroidManifest.xml:24:55-79
102        <activity
102-->src/main/AndroidManifest.xml:25:9-79
103            android:name="com.example.fa_ksiegowy.AddEntryActivity"
103-->src/main/AndroidManifest.xml:25:19-51
104            android:exported="false" />
104-->src/main/AndroidManifest.xml:25:52-76
105        <activity
105-->src/main/AndroidManifest.xml:26:9-77
106            android:name="com.example.fa_ksiegowy.ReportActivity"
106-->src/main/AndroidManifest.xml:26:19-49
107            android:exported="false" />
107-->src/main/AndroidManifest.xml:26:50-74
108        <activity
108-->src/main/AndroidManifest.xml:27:9-78
109            android:name="com.example.fa_ksiegowy.HistoryActivity"
109-->src/main/AndroidManifest.xml:27:19-50
110            android:exported="false" />
110-->src/main/AndroidManifest.xml:27:51-75
111        <activity
111-->src/main/AndroidManifest.xml:28:9-33:20
112            android:name="com.example.fa_ksiegowy.MineActivity"
112-->src/main/AndroidManifest.xml:28:19-47
113            android:exported="true" >
113-->src/main/AndroidManifest.xml:28:48-71
114            <intent-filter>
114-->src/main/AndroidManifest.xml:29:13-32:29
115                <action android:name="android.intent.action.MAIN" />
115-->src/main/AndroidManifest.xml:30:17-69
115-->src/main/AndroidManifest.xml:30:25-66
116
117                <category android:name="android.intent.category.LAUNCHER" />
117-->src/main/AndroidManifest.xml:31:17-77
117-->src/main/AndroidManifest.xml:31:27-74
118            </intent-filter>
119        </activity>
120
121        <provider
122            android:name="androidx.core.content.FileProvider"
122-->src/main/AndroidManifest.xml:35:13-62
123            android:authorities="com.example.fa_ksiegowy.fileprovider"
123-->src/main/AndroidManifest.xml:36:13-64
124            android:exported="false"
124-->src/main/AndroidManifest.xml:37:13-37
125            android:grantUriPermissions="true" >
125-->src/main/AndroidManifest.xml:38:13-47
126            <meta-data
126-->src/main/AndroidManifest.xml:39:13-41:54
127                android:name="android.support.FILE_PROVIDER_PATHS"
127-->src/main/AndroidManifest.xml:40:17-67
128                android:resource="@xml/file_paths" />
128-->src/main/AndroidManifest.xml:41:17-51
129        </provider>
130        <!-- Include the AdActivity and InAppPurchaseActivity configChanges and themes. -->
131        <activity
131-->[com.google.android.gms:play-services-ads-lite:23.6.0] AndroidManifest.xml:73:9-78:43
132            android:name="com.google.android.gms.ads.AdActivity"
132-->[com.google.android.gms:play-services-ads-lite:23.6.0] AndroidManifest.xml:74:13-65
133            android:configChanges="keyboard|keyboardHidden|orientation|screenLayout|uiMode|screenSize|smallestScreenSize"
133-->[com.google.android.gms:play-services-ads-lite:23.6.0] AndroidManifest.xml:75:13-122
134            android:exported="false"
134-->[com.google.android.gms:play-services-ads-lite:23.6.0] AndroidManifest.xml:76:13-37
135            android:theme="@android:style/Theme.Translucent" />
135-->[com.google.android.gms:play-services-ads-lite:23.6.0] AndroidManifest.xml:77:13-61
136
137        <provider
137-->[com.google.android.gms:play-services-ads-lite:23.6.0] AndroidManifest.xml:80:9-85:43
138            android:name="com.google.android.gms.ads.MobileAdsInitProvider"
138-->[com.google.android.gms:play-services-ads-lite:23.6.0] AndroidManifest.xml:81:13-76
139            android:authorities="com.example.fa_ksiegowy.mobileadsinitprovider"
139-->[com.google.android.gms:play-services-ads-lite:23.6.0] AndroidManifest.xml:82:13-73
140            android:exported="false"
140-->[com.google.android.gms:play-services-ads-lite:23.6.0] AndroidManifest.xml:83:13-37
141            android:initOrder="100" />
141-->[com.google.android.gms:play-services-ads-lite:23.6.0] AndroidManifest.xml:84:13-36
142
143        <service
143-->[com.google.android.gms:play-services-ads-lite:23.6.0] AndroidManifest.xml:87:9-91:43
144            android:name="com.google.android.gms.ads.AdService"
144-->[com.google.android.gms:play-services-ads-lite:23.6.0] AndroidManifest.xml:88:13-64
145            android:enabled="true"
145-->[com.google.android.gms:play-services-ads-lite:23.6.0] AndroidManifest.xml:89:13-35
146            android:exported="false" />
146-->[com.google.android.gms:play-services-ads-lite:23.6.0] AndroidManifest.xml:90:13-37
147
148        <activity
148-->[com.google.android.gms:play-services-ads-lite:23.6.0] AndroidManifest.xml:93:9-97:43
149            android:name="com.google.android.gms.ads.OutOfContextTestingActivity"
149-->[com.google.android.gms:play-services-ads-lite:23.6.0] AndroidManifest.xml:94:13-82
150            android:configChanges="keyboard|keyboardHidden|orientation|screenLayout|uiMode|screenSize|smallestScreenSize"
150-->[com.google.android.gms:play-services-ads-lite:23.6.0] AndroidManifest.xml:95:13-122
151            android:exported="false" />
151-->[com.google.android.gms:play-services-ads-lite:23.6.0] AndroidManifest.xml:96:13-37
152        <activity
152-->[com.google.android.gms:play-services-ads-lite:23.6.0] AndroidManifest.xml:98:9-105:43
153            android:name="com.google.android.gms.ads.NotificationHandlerActivity"
153-->[com.google.android.gms:play-services-ads-lite:23.6.0] AndroidManifest.xml:99:13-82
154            android:excludeFromRecents="true"
154-->[com.google.android.gms:play-services-ads-lite:23.6.0] AndroidManifest.xml:100:13-46
155            android:exported="false"
155-->[com.google.android.gms:play-services-ads-lite:23.6.0] AndroidManifest.xml:101:13-37
156            android:launchMode="singleTask"
156-->[com.google.android.gms:play-services-ads-lite:23.6.0] AndroidManifest.xml:102:13-44
157            android:taskAffinity=""
157-->[com.google.android.gms:play-services-ads-lite:23.6.0] AndroidManifest.xml:103:13-36
158            android:theme="@android:style/Theme.Translucent.NoTitleBar" />
158-->[com.google.android.gms:play-services-ads-lite:23.6.0] AndroidManifest.xml:104:13-72
159
160        <property
160-->[com.google.android.gms:play-services-ads-lite:23.6.0] AndroidManifest.xml:107:9-109:62
161            android:name="android.adservices.AD_SERVICES_CONFIG"
161-->[com.google.android.gms:play-services-ads-lite:23.6.0] AndroidManifest.xml:108:13-65
162            android:resource="@xml/gma_ad_services_config" />
162-->[com.google.android.gms:play-services-ads-lite:23.6.0] AndroidManifest.xml:109:13-59
163
164        <meta-data
164-->[com.android.billingclient:billing:7.1.1] AndroidManifest.xml:22:9-24:37
165            android:name="com.google.android.play.billingclient.version"
165-->[com.android.billingclient:billing:7.1.1] AndroidManifest.xml:23:13-73
166            android:value="7.1.1" />
166-->[com.android.billingclient:billing:7.1.1] AndroidManifest.xml:24:13-34
167
168        <activity
168-->[com.android.billingclient:billing:7.1.1] AndroidManifest.xml:26:9-30:75
169            android:name="com.android.billingclient.api.ProxyBillingActivity"
169-->[com.android.billingclient:billing:7.1.1] AndroidManifest.xml:27:13-78
170            android:configChanges="keyboard|keyboardHidden|screenLayout|screenSize|orientation"
170-->[com.android.billingclient:billing:7.1.1] AndroidManifest.xml:28:13-96
171            android:exported="false"
171-->[com.android.billingclient:billing:7.1.1] AndroidManifest.xml:29:13-37
172            android:theme="@android:style/Theme.Translucent.NoTitleBar" />
172-->[com.android.billingclient:billing:7.1.1] AndroidManifest.xml:30:13-72
173        <activity
173-->[com.android.billingclient:billing:7.1.1] AndroidManifest.xml:31:9-35:75
174            android:name="com.android.billingclient.api.ProxyBillingActivityV2"
174-->[com.android.billingclient:billing:7.1.1] AndroidManifest.xml:32:13-80
175            android:configChanges="keyboard|keyboardHidden|screenLayout|screenSize|orientation"
175-->[com.android.billingclient:billing:7.1.1] AndroidManifest.xml:33:13-96
176            android:exported="false"
176-->[com.android.billingclient:billing:7.1.1] AndroidManifest.xml:34:13-37
177            android:theme="@android:style/Theme.Translucent.NoTitleBar" />
177-->[com.android.billingclient:billing:7.1.1] AndroidManifest.xml:35:13-72
178        <activity
178-->[com.google.android.gms:play-services-base:18.5.0] AndroidManifest.xml:5:9-173
179            android:name="com.google.android.gms.common.api.GoogleApiActivity"
179-->[com.google.android.gms:play-services-base:18.5.0] AndroidManifest.xml:5:19-85
180            android:exported="false"
180-->[com.google.android.gms:play-services-base:18.5.0] AndroidManifest.xml:5:146-170
181            android:theme="@android:style/Theme.Translucent.NoTitleBar" />
181-->[com.google.android.gms:play-services-base:18.5.0] AndroidManifest.xml:5:86-145
182
183        <meta-data
183-->[com.google.android.gms:play-services-basement:18.4.0] AndroidManifest.xml:6:9-122
184            android:name="com.google.android.gms.version"
184-->[com.google.android.gms:play-services-basement:18.4.0] AndroidManifest.xml:6:20-65
185            android:value="@integer/google_play_services_version" />
185-->[com.google.android.gms:play-services-basement:18.4.0] AndroidManifest.xml:6:66-119
186
187        <provider
187-->[androidx.emoji2:emoji2:1.2.0] AndroidManifest.xml:24:9-32:20
188            android:name="androidx.startup.InitializationProvider"
188-->[androidx.emoji2:emoji2:1.2.0] AndroidManifest.xml:25:13-67
189            android:authorities="com.example.fa_ksiegowy.androidx-startup"
189-->[androidx.emoji2:emoji2:1.2.0] AndroidManifest.xml:26:13-68
190            android:exported="false" >
190-->[androidx.emoji2:emoji2:1.2.0] AndroidManifest.xml:27:13-37
191            <meta-data
191-->[androidx.emoji2:emoji2:1.2.0] AndroidManifest.xml:29:13-31:52
192                android:name="androidx.emoji2.text.EmojiCompatInitializer"
192-->[androidx.emoji2:emoji2:1.2.0] AndroidManifest.xml:30:17-75
193                android:value="androidx.startup" />
193-->[androidx.emoji2:emoji2:1.2.0] AndroidManifest.xml:31:17-49
194            <meta-data
194-->[androidx.work:work-runtime:2.7.0] AndroidManifest.xml:36:13-38:52
195                android:name="androidx.work.WorkManagerInitializer"
195-->[androidx.work:work-runtime:2.7.0] AndroidManifest.xml:37:17-68
196                android:value="androidx.startup" />
196-->[androidx.work:work-runtime:2.7.0] AndroidManifest.xml:38:17-49
197            <meta-data
197-->[androidx.lifecycle:lifecycle-process:2.6.1] AndroidManifest.xml:29:13-31:52
198                android:name="androidx.lifecycle.ProcessLifecycleInitializer"
198-->[androidx.lifecycle:lifecycle-process:2.6.1] AndroidManifest.xml:30:17-78
199                android:value="androidx.startup" />
199-->[androidx.lifecycle:lifecycle-process:2.6.1] AndroidManifest.xml:31:17-49
200            <meta-data
200-->[androidx.profileinstaller:profileinstaller:1.3.0] AndroidManifest.xml:29:13-31:52
201                android:name="androidx.profileinstaller.ProfileInstallerInitializer"
201-->[androidx.profileinstaller:profileinstaller:1.3.0] AndroidManifest.xml:30:17-85
202                android:value="androidx.startup" />
202-->[androidx.profileinstaller:profileinstaller:1.3.0] AndroidManifest.xml:31:17-49
203        </provider>
204
205        <service
205-->[androidx.work:work-runtime:2.7.0] AndroidManifest.xml:41:9-46:35
206            android:name="androidx.work.impl.background.systemalarm.SystemAlarmService"
206-->[androidx.work:work-runtime:2.7.0] AndroidManifest.xml:42:13-88
207            android:directBootAware="false"
207-->[androidx.work:work-runtime:2.7.0] AndroidManifest.xml:43:13-44
208            android:enabled="@bool/enable_system_alarm_service_default"
208-->[androidx.work:work-runtime:2.7.0] AndroidManifest.xml:44:13-72
209            android:exported="false" />
209-->[androidx.work:work-runtime:2.7.0] AndroidManifest.xml:45:13-37
210        <service
210-->[androidx.work:work-runtime:2.7.0] AndroidManifest.xml:47:9-53:35
211            android:name="androidx.work.impl.background.systemjob.SystemJobService"
211-->[androidx.work:work-runtime:2.7.0] AndroidManifest.xml:48:13-84
212            android:directBootAware="false"
212-->[androidx.work:work-runtime:2.7.0] AndroidManifest.xml:49:13-44
213            android:enabled="@bool/enable_system_job_service_default"
213-->[androidx.work:work-runtime:2.7.0] AndroidManifest.xml:50:13-70
214            android:exported="true"
214-->[androidx.work:work-runtime:2.7.0] AndroidManifest.xml:51:13-36
215            android:permission="android.permission.BIND_JOB_SERVICE" />
215-->[androidx.work:work-runtime:2.7.0] AndroidManifest.xml:52:13-69
216        <service
216-->[androidx.work:work-runtime:2.7.0] AndroidManifest.xml:54:9-59:35
217            android:name="androidx.work.impl.foreground.SystemForegroundService"
217-->[androidx.work:work-runtime:2.7.0] AndroidManifest.xml:55:13-81
218            android:directBootAware="false"
218-->[androidx.work:work-runtime:2.7.0] AndroidManifest.xml:56:13-44
219            android:enabled="@bool/enable_system_foreground_service_default"
219-->[androidx.work:work-runtime:2.7.0] AndroidManifest.xml:57:13-77
220            android:exported="false" />
220-->[androidx.work:work-runtime:2.7.0] AndroidManifest.xml:58:13-37
221
222        <receiver
222-->[androidx.work:work-runtime:2.7.0] AndroidManifest.xml:61:9-66:35
223            android:name="androidx.work.impl.utils.ForceStopRunnable$BroadcastReceiver"
223-->[androidx.work:work-runtime:2.7.0] AndroidManifest.xml:62:13-88
224            android:directBootAware="false"
224-->[androidx.work:work-runtime:2.7.0] AndroidManifest.xml:63:13-44
225            android:enabled="true"
225-->[androidx.work:work-runtime:2.7.0] AndroidManifest.xml:64:13-35
226            android:exported="false" />
226-->[androidx.work:work-runtime:2.7.0] AndroidManifest.xml:65:13-37
227        <receiver
227-->[androidx.work:work-runtime:2.7.0] AndroidManifest.xml:67:9-77:20
228            android:name="androidx.work.impl.background.systemalarm.ConstraintProxy$BatteryChargingProxy"
228-->[androidx.work:work-runtime:2.7.0] AndroidManifest.xml:68:13-106
229            android:directBootAware="false"
229-->[androidx.work:work-runtime:2.7.0] AndroidManifest.xml:69:13-44
230            android:enabled="false"
230-->[androidx.work:work-runtime:2.7.0] AndroidManifest.xml:70:13-36
231            android:exported="false" >
231-->[androidx.work:work-runtime:2.7.0] AndroidManifest.xml:71:13-37
232            <intent-filter>
232-->[androidx.work:work-runtime:2.7.0] AndroidManifest.xml:73:13-76:29
233                <action android:name="android.intent.action.ACTION_POWER_CONNECTED" />
233-->[androidx.work:work-runtime:2.7.0] AndroidManifest.xml:74:17-87
233-->[androidx.work:work-runtime:2.7.0] AndroidManifest.xml:74:25-84
234                <action android:name="android.intent.action.ACTION_POWER_DISCONNECTED" />
234-->[androidx.work:work-runtime:2.7.0] AndroidManifest.xml:75:17-90
234-->[androidx.work:work-runtime:2.7.0] AndroidManifest.xml:75:25-87
235            </intent-filter>
236        </receiver>
237        <receiver
237-->[androidx.work:work-runtime:2.7.0] AndroidManifest.xml:78:9-88:20
238            android:name="androidx.work.impl.background.systemalarm.ConstraintProxy$BatteryNotLowProxy"
238-->[androidx.work:work-runtime:2.7.0] AndroidManifest.xml:79:13-104
239            android:directBootAware="false"
239-->[androidx.work:work-runtime:2.7.0] AndroidManifest.xml:80:13-44
240            android:enabled="false"
240-->[androidx.work:work-runtime:2.7.0] AndroidManifest.xml:81:13-36
241            android:exported="false" >
241-->[androidx.work:work-runtime:2.7.0] AndroidManifest.xml:82:13-37
242            <intent-filter>
242-->[androidx.work:work-runtime:2.7.0] AndroidManifest.xml:84:13-87:29
243                <action android:name="android.intent.action.BATTERY_OKAY" />
243-->[androidx.work:work-runtime:2.7.0] AndroidManifest.xml:85:17-77
243-->[androidx.work:work-runtime:2.7.0] AndroidManifest.xml:85:25-74
244                <action android:name="android.intent.action.BATTERY_LOW" />
244-->[androidx.work:work-runtime:2.7.0] AndroidManifest.xml:86:17-76
244-->[androidx.work:work-runtime:2.7.0] AndroidManifest.xml:86:25-73
245            </intent-filter>
246        </receiver>
247        <receiver
247-->[androidx.work:work-runtime:2.7.0] AndroidManifest.xml:89:9-99:20
248            android:name="androidx.work.impl.background.systemalarm.ConstraintProxy$StorageNotLowProxy"
248-->[androidx.work:work-runtime:2.7.0] AndroidManifest.xml:90:13-104
249            android:directBootAware="false"
249-->[androidx.work:work-runtime:2.7.0] AndroidManifest.xml:91:13-44
250            android:enabled="false"
250-->[androidx.work:work-runtime:2.7.0] AndroidManifest.xml:92:13-36
251            android:exported="false" >
251-->[androidx.work:work-runtime:2.7.0] AndroidManifest.xml:93:13-37
252            <intent-filter>
252-->[androidx.work:work-runtime:2.7.0] AndroidManifest.xml:95:13-98:29
253                <action android:name="android.intent.action.DEVICE_STORAGE_LOW" />
253-->[androidx.work:work-runtime:2.7.0] AndroidManifest.xml:96:17-83
253-->[androidx.work:work-runtime:2.7.0] AndroidManifest.xml:96:25-80
254                <action android:name="android.intent.action.DEVICE_STORAGE_OK" />
254-->[androidx.work:work-runtime:2.7.0] AndroidManifest.xml:97:17-82
254-->[androidx.work:work-runtime:2.7.0] AndroidManifest.xml:97:25-79
255            </intent-filter>
256        </receiver>
257        <receiver
257-->[androidx.work:work-runtime:2.7.0] AndroidManifest.xml:100:9-109:20
258            android:name="androidx.work.impl.background.systemalarm.ConstraintProxy$NetworkStateProxy"
258-->[androidx.work:work-runtime:2.7.0] AndroidManifest.xml:101:13-103
259            android:directBootAware="false"
259-->[androidx.work:work-runtime:2.7.0] AndroidManifest.xml:102:13-44
260            android:enabled="false"
260-->[androidx.work:work-runtime:2.7.0] AndroidManifest.xml:103:13-36
261            android:exported="false" >
261-->[androidx.work:work-runtime:2.7.0] AndroidManifest.xml:104:13-37
262            <intent-filter>
262-->[androidx.work:work-runtime:2.7.0] AndroidManifest.xml:106:13-108:29
263                <action android:name="android.net.conn.CONNECTIVITY_CHANGE" />
263-->[androidx.work:work-runtime:2.7.0] AndroidManifest.xml:107:17-79
263-->[androidx.work:work-runtime:2.7.0] AndroidManifest.xml:107:25-76
264            </intent-filter>
265        </receiver>
266        <receiver
266-->[androidx.work:work-runtime:2.7.0] AndroidManifest.xml:110:9-121:20
267            android:name="androidx.work.impl.background.systemalarm.RescheduleReceiver"
267-->[androidx.work:work-runtime:2.7.0] AndroidManifest.xml:111:13-88
268            android:directBootAware="false"
268-->[androidx.work:work-runtime:2.7.0] AndroidManifest.xml:112:13-44
269            android:enabled="false"
269-->[androidx.work:work-runtime:2.7.0] AndroidManifest.xml:113:13-36
270            android:exported="false" >
270-->[androidx.work:work-runtime:2.7.0] AndroidManifest.xml:114:13-37
271            <intent-filter>
271-->[androidx.work:work-runtime:2.7.0] AndroidManifest.xml:116:13-120:29
272                <action android:name="android.intent.action.BOOT_COMPLETED" />
272-->[androidx.work:work-runtime:2.7.0] AndroidManifest.xml:117:17-79
272-->[androidx.work:work-runtime:2.7.0] AndroidManifest.xml:117:25-76
273                <action android:name="android.intent.action.TIME_SET" />
273-->[androidx.work:work-runtime:2.7.0] AndroidManifest.xml:118:17-73
273-->[androidx.work:work-runtime:2.7.0] AndroidManifest.xml:118:25-70
274                <action android:name="android.intent.action.TIMEZONE_CHANGED" />
274-->[androidx.work:work-runtime:2.7.0] AndroidManifest.xml:119:17-81
274-->[androidx.work:work-runtime:2.7.0] AndroidManifest.xml:119:25-78
275            </intent-filter>
276        </receiver>
277        <receiver